[     656ms] [INFO] %cDownload the React DevTools for a better development experience: https://react.dev/link/react-devtools font-weight:bold @ http://localhost:5173/node_modules/.vite/deps/react-dom_client.js?v=b655e9cc:14336
[     750ms] [WARNING] ⚠️ React Router Future Flag Warning: React Router will begin wrapping state updates in `React.startTransition` in v7. You can use the `v7_startTransition` future flag to opt-in early. For more information, see https://reactrouter.com/v6/upgrading/future#v7_starttransition. @ http://localhost:5173/node_modules/.vite/deps/react-router-dom.js?v=b655e9cc:3615
[     750ms] [WARNING] ⚠️ React Router Future Flag Warning: Relative route resolution within Splat routes is changing in v7. You can use the `v7_relativeSplatPath` future flag to opt-in early. For more information, see https://reactrouter.com/v6/upgrading/future#v7_relativesplatpath. @ http://localhost:5173/node_modules/.vite/deps/react-router-dom.js?v=b655e9cc:3615
[     852ms] [VERBOSE] [DOM] Input elements should have autocomplete attributes (suggested: "current-password"): (More info: https://goo.gl/9p2vKq) %o @ http://localhost:5173/login:0
[    1486ms] [ERROR] Failed to load resource: net::ERR_CONNECTION_CLOSED @ https://via.placeholder.com/200x80?text=Cozinca+Inox:0
[    2001ms] [ERROR] Failed to load resource: net::ERR_CONNECTION_CLOSED @ https://via.placeholder.com/200x80?text=Cozinca+Inox:0
[    2534ms] [ERROR] Failed to load resource: net::ERR_CONNECTION_CLOSED @ https://via.placeholder.com/200x80?text=Cozinca+Inox:0
[    3075ms] [ERROR] Failed to load resource: net::ERR_CONNECTION_CLOSED @ https://via.placeholder.com/200x80?text=Cozinca+Inox:0
[    3653ms] [ERROR] Failed to load resource: net::ERR_CONNECTION_CLOSED @ https://via.placeholder.com/200x80?text=Cozinca+Inox:0
[    4171ms] [ERROR] Failed to load resource: net::ERR_CONNECTION_CLOSED @ https://via.placeholder.com/200x80?text=Cozinca+Inox:0
[    4701ms] [ERROR] Failed to load resource: net::ERR_CONNECTION_CLOSED @ https://via.placeholder.com/200x80?text=Cozinca+Inox:0
[    5229ms] [ERROR] Failed to load resource: net::ERR_CONNECTION_CLOSED @ https://via.placeholder.com/200x80?text=Cozinca+Inox:0
[    5742ms] [ERROR] Failed to load resource: net::ERR_CONNECTION_CLOSED @ https://via.placeholder.com/200x80?text=Cozinca+Inox:0
[    6280ms] [ERROR] Failed to load resource: net::ERR_CONNECTION_CLOSED @ https://via.placeholder.com/200x80?text=Cozinca+Inox:0
[    6830ms] [ERROR] Failed to load resource: net::ERR_CONNECTION_CLOSED @ https://via.placeholder.com/200x80?text=Cozinca+Inox:0
[    7360ms] [ERROR] Failed to load resource: net::ERR_CONNECTION_CLOSED @ https://via.placeholder.com/200x80?text=Cozinca+Inox:0
[    7893ms] [ERROR] Failed to load resource: net::ERR_CONNECTION_CLOSED @ https://via.placeholder.com/200x80?text=Cozinca+Inox:0
[    8430ms] [ERROR] Failed to load resource: net::ERR_CONNECTION_CLOSED @ https://via.placeholder.com/200x80?text=Cozinca+Inox:0
[    8677ms] [ERROR] Failed to load resource: net::ERR_CONNECTION_CLOSED @ https://via.placeholder.com/200x80?text=Cozinca+Inox:0
[    8951ms] [ERROR] Failed to load resource: net::ERR_CONNECTION_CLOSED @ https://via.placeholder.com/200x80?text=Cozinca+Inox:0
[    9203ms] [ERROR] Failed to load resource: net::ERR_CONNECTION_CLOSED @ https://via.placeholder.com/200x80?text=Cozinca+Inox:0
[    9464ms] [ERROR] Failed to load resource: net::ERR_CONNECTION_CLOSED @ https://via.placeholder.com/200x80?text=Cozinca+Inox:0
[    9726ms] [ERROR] Failed to load resource: net::ERR_CONNECTION_CLOSED @ https://via.placeholder.com/200x80?text=Cozinca+Inox:0
[    9976ms] [ERROR] Failed to load resource: net::ERR_CONNECTION_CLOSED @ https://via.placeholder.com/200x80?text=Cozinca+Inox:0
[   10243ms] [ERROR] Failed to load resource: net::ERR_CONNECTION_CLOSED @ https://via.placeholder.com/200x80?text=Cozinca+Inox:0
[   10489ms] [ERROR] Failed to load resource: net::ERR_CONNECTION_CLOSED @ https://via.placeholder.com/200x80?text=Cozinca+Inox:0
[   10759ms] [ERROR] Failed to load resource: net::ERR_CONNECTION_CLOSED @ https://via.placeholder.com/200x80?text=Cozinca+Inox:0
[   11011ms] [ERROR] Failed to load resource: net::ERR_CONNECTION_CLOSED @ https://via.placeholder.com/200x80?text=Cozinca+Inox:0
[   11273ms] [ERROR] Failed to load resource: net::ERR_CONNECTION_CLOSED @ https://via.placeholder.com/200x80?text=Cozinca+Inox:0
[   11594ms] [ERROR] Failed to load resource: net::ERR_CONNECTION_CLOSED @ https://via.placeholder.com/200x80?text=Cozinca+Inox:0
[   11975ms] [ERROR] Failed to load resource: net::ERR_CONNECTION_CLOSED @ https://via.placeholder.com/200x80?text=Cozinca+Inox:0
[   12235ms] [ERROR] Failed to load resource: net::ERR_CONNECTION_CLOSED @ https://via.placeholder.com/200x80?text=Cozinca+Inox:0
[   12495ms] [ERROR] Failed to load resource: net::ERR_CONNECTION_CLOSED @ https://via.placeholder.com/200x80?text=Cozinca+Inox:0
[   12745ms] [ERROR] Failed to load resource: net::ERR_CONNECTION_CLOSED @ https://via.placeholder.com/200x80?text=Cozinca+Inox:0
[   13006ms] [ERROR] Failed to load resource: net::ERR_CONNECTION_CLOSED @ https://via.placeholder.com/200x80?text=Cozinca+Inox:0
[   13261ms] [ERROR] Failed to load resource: net::ERR_CONNECTION_CLOSED @ https://via.placeholder.com/200x80?text=Cozinca+Inox:0
[   13524ms] [ERROR] Failed to load resource: net::ERR_CONNECTION_CLOSED @ https://via.placeholder.com/200x80?text=Cozinca+Inox:0
[   13775ms] [ERROR] Failed to load resource: net::ERR_CONNECTION_CLOSED @ https://via.placeholder.com/200x80?text=Cozinca+Inox:0
[   14038ms] [ERROR] Failed to load resource: net::ERR_CONNECTION_CLOSED @ https://via.placeholder.com/200x80?text=Cozinca+Inox:0
[   14294ms] [ERROR] Failed to load resource: net::ERR_CONNECTION_CLOSED @ https://via.placeholder.com/200x80?text=Cozinca+Inox:0
[   14551ms] [ERROR] Failed to load resource: net::ERR_CONNECTION_CLOSED @ https://via.placeholder.com/200x80?text=Cozinca+Inox:0
[   14818ms] [ERROR] Failed to load resource: net::ERR_CONNECTION_CLOSED @ https://via.placeholder.com/200x80?text=Cozinca+Inox:0
[   15081ms] [ERROR] Failed to load resource: net::ERR_CONNECTION_CLOSED @ https://via.placeholder.com/200x80?text=Cozinca+Inox:0
[   15331ms] [ERROR] Failed to load resource: net::ERR_CONNECTION_CLOSED @ https://via.placeholder.com/200x80?text=Cozinca+Inox:0
[   15598ms] [ERROR] Failed to load resource: net::ERR_CONNECTION_CLOSED @ https://via.placeholder.com/200x80?text=Cozinca+Inox:0
[   15846ms] [ERROR] Failed to load resource: net::ERR_CONNECTION_CLOSED @ https://via.placeholder.com/200x80?text=Cozinca+Inox:0
[   16119ms] [ERROR] Failed to load resource: net::ERR_CONNECTION_CLOSED @ https://via.placeholder.com/200x80?text=Cozinca+Inox:0
[   16378ms] [ERROR] Failed to load resource: net::ERR_CONNECTION_CLOSED @ https://via.placeholder.com/200x80?text=Cozinca+Inox:0
[   16639ms] [ERROR] Failed to load resource: net::ERR_CONNECTION_CLOSED @ https://via.placeholder.com/200x80?text=Cozinca+Inox:0
[   16897ms] [ERROR] Failed to load resource: net::ERR_CONNECTION_CLOSED @ https://via.placeholder.com/200x80?text=Cozinca+Inox:0
[   17180ms] [ERROR] Failed to load resource: net::ERR_CONNECTION_CLOSED @ https://via.placeholder.com/200x80?text=Cozinca+Inox:0
[   18147ms] [ERROR] Failed to load resource: net::ERR_CONNECTION_CLOSED @ https://via.placeholder.com/200x80?text=Cozinca+Inox:0
[   18293ms] [ERROR] Failed to load resource: net::ERR_CONNECTION_CLOSED @ https://via.placeholder.com/200x80?text=Cozinca+Inox:0
[   18714ms] [ERROR] Failed to load resource: net::ERR_CONNECTION_CLOSED @ https://via.placeholder.com/200x80?text=Cozinca+Inox:0
[   19008ms] [ERROR] Failed to load resource: net::ERR_CONNECTION_CLOSED @ https://via.placeholder.com/200x80?text=Cozinca+Inox:0
[   19446ms] [ERROR] Failed to load resource: net::ERR_CONNECTION_CLOSED @ https://via.placeholder.com/200x80?text=Cozinca+Inox:0
[   19572ms] [ERROR] Failed to load resource: net::ERR_CONNECTION_CLOSED @ https://via.placeholder.com/200x80?text=Cozinca+Inox:0
[   19956ms] [ERROR] Failed to load resource: net::ERR_CONNECTION_CLOSED @ https://via.placeholder.com/200x80?text=Cozinca+Inox:0
[   20115ms] [ERROR] Failed to load resource: net::ERR_CONNECTION_CLOSED @ https://via.placeholder.com/200x80?text=Cozinca+Inox:0
[   20470ms] [ERROR] Failed to load resource: net::ERR_CONNECTION_CLOSED @ https://via.placeholder.com/200x80?text=Cozinca+Inox:0
[   20638ms] [ERROR] Failed to load resource: net::ERR_CONNECTION_CLOSED @ https://via.placeholder.com/200x80?text=Cozinca+Inox:0
[   20986ms] [ERROR] Failed to load resource: net::ERR_CONNECTION_CLOSED @ https://via.placeholder.com/200x80?text=Cozinca+Inox:0
[   21162ms] [ERROR] Failed to load resource: net::ERR_CONNECTION_CLOSED @ https://via.placeholder.com/200x80?text=Cozinca+Inox:0
[   21512ms] [ERROR] Failed to load resource: net::ERR_CONNECTION_CLOSED @ https://via.placeholder.com/200x80?text=Cozinca+Inox:0
[   21676ms] [ERROR] Failed to load resource: net::ERR_CONNECTION_CLOSED @ https://via.placeholder.com/200x80?text=Cozinca+Inox:0
[   22034ms] [ERROR] Failed to load resource: net::ERR_CONNECTION_CLOSED @ https://via.placeholder.com/200x80?text=Cozinca+Inox:0
[   22191ms] [ERROR] Failed to load resource: net::ERR_CONNECTION_CLOSED @ https://via.placeholder.com/200x80?text=Cozinca+Inox:0
[   22549ms] [ERROR] Failed to load resource: net::ERR_CONNECTION_CLOSED @ https://via.placeholder.com/200x80?text=Cozinca+Inox:0
[   22732ms] [ERROR] Failed to load resource: net::ERR_CONNECTION_CLOSED @ https://via.placeholder.com/200x80?text=Cozinca+Inox:0
[   23118ms] [ERROR] Failed to load resource: net::ERR_CONNECTION_CLOSED @ https://via.placeholder.com/200x80?text=Cozinca+Inox:0
[   23296ms] [ERROR] Failed to load resource: net::ERR_CONNECTION_CLOSED @ https://via.placeholder.com/200x80?text=Cozinca+Inox:0
[   23790ms] [ERROR] Failed to load resource: net::ERR_CONNECTION_CLOSED @ https://via.placeholder.com/200x80?text=Cozinca+Inox:0
[   23960ms] [ERROR] Failed to load resource: net::ERR_CONNECTION_CLOSED @ https://via.placeholder.com/200x80?text=Cozinca+Inox:0
[   24310ms] [ERROR] Failed to load resource: net::ERR_CONNECTION_CLOSED @ https://via.placeholder.com/200x80?text=Cozinca+Inox:0
[   24627ms] [ERROR] Failed to load resource: net::ERR_CONNECTION_CLOSED @ https://via.placeholder.com/200x80?text=Cozinca+Inox:0
[   24919ms] [ERROR] Failed to load resource: net::ERR_CONNECTION_CLOSED @ https://via.placeholder.com/200x80?text=Cozinca+Inox:0
[   25137ms] [ERROR] Failed to load resource: net::ERR_CONNECTION_CLOSED @ https://via.placeholder.com/200x80?text=Cozinca+Inox:0
[   25653ms] [ERROR] Failed to load resource: net::ERR_CONNECTION_CLOSED @ https://via.placeholder.com/200x80?text=Cozinca+Inox:0
[   26184ms] [ERROR] Failed to load resource: net::ERR_CONNECTION_CLOSED @ https://via.placeholder.com/200x80?text=Cozinca+Inox:0
[   26439ms] [ERROR] Failed to load resource: net::ERR_CONNECTION_CLOSED @ https://via.placeholder.com/200x80?text=Cozinca+Inox:0
[   26702ms] [ERROR] Failed to load resource: net::ERR_CONNECTION_CLOSED @ https://via.placeholder.com/200x80?text=Cozinca+Inox:0
[   26965ms] [ERROR] Failed to load resource: net::ERR_CONNECTION_CLOSED @ https://via.placeholder.com/200x80?text=Cozinca+Inox:0
[   27226ms] [ERROR] Failed to load resource: net::ERR_CONNECTION_CLOSED @ https://via.placeholder.com/200x80?text=Cozinca+Inox:0
[   27477ms] [ERROR] Failed to load resource: net::ERR_CONNECTION_CLOSED @ https://via.placeholder.com/200x80?text=Cozinca+Inox:0
[   27740ms] [ERROR] Failed to load resource: net::ERR_CONNECTION_CLOSED @ https://via.placeholder.com/200x80?text=Cozinca+Inox:0
[   27987ms] [ERROR] Failed to load resource: net::ERR_CONNECTION_CLOSED @ https://via.placeholder.com/200x80?text=Cozinca+Inox:0
[   28254ms] [ERROR] Failed to load resource: net::ERR_CONNECTION_CLOSED @ https://via.placeholder.com/200x80?text=Cozinca+Inox:0
[   28497ms] [ERROR] Failed to load resource: net::ERR_CONNECTION_CLOSED @ https://via.placeholder.com/200x80?text=Cozinca+Inox:0
[   28763ms] [ERROR] Failed to load resource: net::ERR_CONNECTION_CLOSED @ https://via.placeholder.com/200x80?text=Cozinca+Inox:0
[   29012ms] [ERROR] Failed to load resource: net::ERR_CONNECTION_CLOSED @ https://via.placeholder.com/200x80?text=Cozinca+Inox:0
[   29287ms] [ERROR] Failed to load resource: net::ERR_CONNECTION_CLOSED @ https://via.placeholder.com/200x80?text=Cozinca+Inox:0
[   29539ms] [ERROR] Failed to load resource: net::ERR_CONNECTION_CLOSED @ https://via.placeholder.com/200x80?text=Cozinca+Inox:0
[   29818ms] [ERROR] Failed to load resource: net::ERR_CONNECTION_CLOSED @ https://via.placeholder.com/200x80?text=Cozinca+Inox:0
[   30054ms] [ERROR] Failed to load resource: net::ERR_CONNECTION_CLOSED @ https://via.placeholder.com/200x80?text=Cozinca+Inox:0
[   30337ms] [ERROR] Failed to load resource: net::ERR_CONNECTION_CLOSED @ https://via.placeholder.com/200x80?text=Cozinca+Inox:0
[   30568ms] [ERROR] Failed to load resource: net::ERR_CONNECTION_CLOSED @ https://via.placeholder.com/200x80?text=Cozinca+Inox:0
[   30851ms] [ERROR] Failed to load resource: net::ERR_CONNECTION_CLOSED @ https://via.placeholder.com/200x80?text=Cozinca+Inox:0
[   31079ms] [ERROR] Failed to load resource: net::ERR_CONNECTION_CLOSED @ https://via.placeholder.com/200x80?text=Cozinca+Inox:0
[   31385ms] [ERROR] Failed to load resource: net::ERR_CONNECTION_CLOSED @ https://via.placeholder.com/200x80?text=Cozinca+Inox:0
[   31600ms] [ERROR] Failed to load resource: net::ERR_CONNECTION_CLOSED @ https://via.placeholder.com/200x80?text=Cozinca+Inox:0
[   31908ms] [ERROR] Failed to load resource: net::ERR_CONNECTION_CLOSED @ https://via.placeholder.com/200x80?text=Cozinca+Inox:0
[   32120ms] [ERROR] Failed to load resource: net::ERR_CONNECTION_CLOSED @ https://via.placeholder.com/200x80?text=Cozinca+Inox:0
[   32537ms] [ERROR] Failed to load resource: net::ERR_CONNECTION_CLOSED @ https://via.placeholder.com/200x80?text=Cozinca+Inox:0
[   32729ms] [ERROR] Failed to load resource: net::ERR_CONNECTION_CLOSED @ https://via.placeholder.com/200x80?text=Cozinca+Inox:0
[   33048ms] [ERROR] Failed to load resource: net::ERR_CONNECTION_CLOSED @ https://via.placeholder.com/200x80?text=Cozinca+Inox:0
[   33265ms] [ERROR] Failed to load resource: net::ERR_CONNECTION_CLOSED @ https://via.placeholder.com/200x80?text=Cozinca+Inox:0
[   33592ms] [ERROR] Failed to load resource: net::ERR_CONNECTION_CLOSED @ https://via.placeholder.com/200x80?text=Cozinca+Inox:0
[   33797ms] [ERROR] Failed to load resource: net::ERR_CONNECTION_CLOSED @ https://via.placeholder.com/200x80?text=Cozinca+Inox:0
[   34153ms] [ERROR] Failed to load resource: net::ERR_CONNECTION_CLOSED @ https://via.placeholder.com/200x80?text=Cozinca+Inox:0
[   34344ms] [ERROR] Failed to load resource: net::ERR_CONNECTION_CLOSED @ https://via.placeholder.com/200x80?text=Cozinca+Inox:0
[   34757ms] [ERROR] Failed to load resource: net::ERR_CONNECTION_CLOSED @ https://via.placeholder.com/200x80?text=Cozinca+Inox:0
[   34896ms] [ERROR] Failed to load resource: net::ERR_CONNECTION_CLOSED @ https://via.placeholder.com/200x80?text=Cozinca+Inox:0
[   35298ms] [ERROR] Failed to load resource: net::ERR_CONNECTION_CLOSED @ https://via.placeholder.com/200x80?text=Cozinca+Inox:0
[   35437ms] [ERROR] Failed to load resource: net::ERR_CONNECTION_CLOSED @ https://via.placeholder.com/200x80?text=Cozinca+Inox:0
[   35849ms] [ERROR] Failed to load resource: net::ERR_CONNECTION_CLOSED @ https://via.placeholder.com/200x80?text=Cozinca+Inox:0
[   35987ms] [ERROR] Failed to load resource: net::ERR_CONNECTION_CLOSED @ https://via.placeholder.com/200x80?text=Cozinca+Inox:0
[   36426ms] [ERROR] Failed to load resource: net::ERR_CONNECTION_CLOSED @ https://via.placeholder.com/200x80?text=Cozinca+Inox:0
[   36597ms] [ERROR] Failed to load resource: net::ERR_CONNECTION_CLOSED @ https://via.placeholder.com/200x80?text=Cozinca+Inox:0
[   37010ms] [ERROR] Failed to load resource: net::ERR_CONNECTION_CLOSED @ https://via.placeholder.com/200x80?text=Cozinca+Inox:0
[   37551ms] [ERROR] Failed to load resource: net::ERR_CONNECTION_CLOSED @ https://via.placeholder.com/200x80?text=Cozinca+Inox:0
[   38104ms] [ERROR] Failed to load resource: net::ERR_CONNECTION_CLOSED @ https://via.placeholder.com/200x80?text=Cozinca+Inox:0
[   38638ms] [ERROR] Failed to load resource: net::ERR_CONNECTION_CLOSED @ https://via.placeholder.com/200x80?text=Cozinca+Inox:0
[   39426ms] [ERROR] Failed to load resource: net::ERR_CONNECTION_CLOSED @ https://via.placeholder.com/200x80?text=Cozinca+Inox:0
[   39943ms] [ERROR] Failed to load resource: net::ERR_CONNECTION_CLOSED @ https://via.placeholder.com/200x80?text=Cozinca+Inox:0
[   40148ms] [ERROR] Failed to load resource: net::ERR_CONNECTION_CLOSED @ https://via.placeholder.com/200x80?text=Cozinca+Inox:0
[   40475ms] [ERROR] Failed to load resource: net::ERR_CONNECTION_CLOSED @ https://via.placeholder.com/200x80?text=Cozinca+Inox:0
[   40663ms] [ERROR] Failed to load resource: net::ERR_CONNECTION_CLOSED @ https://via.placeholder.com/200x80?text=Cozinca+Inox:0
[   41006ms] [ERROR] Failed to load resource: net::ERR_CONNECTION_CLOSED @ https://via.placeholder.com/200x80?text=Cozinca+Inox:0
[   41182ms] [ERROR] Failed to load resource: net::ERR_CONNECTION_CLOSED @ https://via.placeholder.com/200x80?text=Cozinca+Inox:0
[   41519ms] [ERROR] Failed to load resource: net::ERR_CONNECTION_CLOSED @ https://via.placeholder.com/200x80?text=Cozinca+Inox:0
[   41688ms] [ERROR] Failed to load resource: net::ERR_CONNECTION_CLOSED @ https://via.placeholder.com/200x80?text=Cozinca+Inox:0
[   42082ms] [ERROR] Failed to load resource: net::ERR_CONNECTION_CLOSED @ https://via.placeholder.com/200x80?text=Cozinca+Inox:0
[   42300ms] [ERROR] Failed to load resource: net::ERR_CONNECTION_CLOSED @ https://via.placeholder.com/200x80?text=Cozinca+Inox:0
[   42592ms] [ERROR] Failed to load resource: net::ERR_CONNECTION_CLOSED @ https://via.placeholder.com/200x80?text=Cozinca+Inox:0
[   42822ms] [ERROR] Failed to load resource: net::ERR_CONNECTION_CLOSED @ https://via.placeholder.com/200x80?text=Cozinca+Inox:0
[   43114ms] [ERROR] Failed to load resource: net::ERR_CONNECTION_CLOSED @ https://via.placeholder.com/200x80?text=Cozinca+Inox:0
[   43350ms] [ERROR] Failed to load resource: net::ERR_CONNECTION_CLOSED @ https://via.placeholder.com/200x80?text=Cozinca+Inox:0
[   43635ms] [ERROR] Failed to load resource: net::ERR_CONNECTION_CLOSED @ https://via.placeholder.com/200x80?text=Cozinca+Inox:0
[   43893ms] [ERROR] Failed to load resource: net::ERR_CONNECTION_CLOSED @ https://via.placeholder.com/200x80?text=Cozinca+Inox:0
[   44155ms] [ERROR] Failed to load resource: net::ERR_CONNECTION_CLOSED @ https://via.placeholder.com/200x80?text=Cozinca+Inox:0
[   44407ms] [ERROR] Failed to load resource: net::ERR_CONNECTION_CLOSED @ https://via.placeholder.com/200x80?text=Cozinca+Inox:0
[   44668ms] [ERROR] Failed to load resource: net::ERR_CONNECTION_CLOSED @ https://via.placeholder.com/200x80?text=Cozinca+Inox:0
[   44920ms] [ERROR] Failed to load resource: net::ERR_CONNECTION_CLOSED @ https://via.placeholder.com/200x80?text=Cozinca+Inox:0
[   45178ms] [ERROR] Failed to load resource: net::ERR_CONNECTION_CLOSED @ https://via.placeholder.com/200x80?text=Cozinca+Inox:0
[   45435ms] [ERROR] Failed to load resource: net::ERR_CONNECTION_CLOSED @ https://via.placeholder.com/200x80?text=Cozinca+Inox:0
[   45683ms] [ERROR] Failed to load resource: net::ERR_CONNECTION_CLOSED @ https://via.placeholder.com/200x80?text=Cozinca+Inox:0
[   45944ms] [ERROR] Failed to load resource: net::ERR_CONNECTION_CLOSED @ https://via.placeholder.com/200x80?text=Cozinca+Inox:0
[   46200ms] [ERROR] Failed to load resource: net::ERR_CONNECTION_CLOSED @ https://via.placeholder.com/200x80?text=Cozinca+Inox:0
[   46469ms] [ERROR] Failed to load resource: net::ERR_CONNECTION_CLOSED @ https://via.placeholder.com/200x80?text=Cozinca+Inox:0
[   46749ms] [ERROR] Failed to load resource: net::ERR_CONNECTION_CLOSED @ https://via.placeholder.com/200x80?text=Cozinca+Inox:0
[   47011ms] [ERROR] Failed to load resource: net::ERR_CONNECTION_CLOSED @ https://via.placeholder.com/200x80?text=Cozinca+Inox:0
[   47277ms] [ERROR] Failed to load resource: net::ERR_CONNECTION_CLOSED @ https://via.placeholder.com/200x80?text=Cozinca+Inox:0
[   47526ms] [ERROR] Failed to load resource: net::ERR_CONNECTION_CLOSED @ https://via.placeholder.com/200x80?text=Cozinca+Inox:0
[   47787ms] [ERROR] Failed to load resource: net::ERR_CONNECTION_CLOSED @ https://via.placeholder.com/200x80?text=Cozinca+Inox:0
[   48079ms] [ERROR] Failed to load resource: net::ERR_CONNECTION_CLOSED @ https://via.placeholder.com/200x80?text=Cozinca+Inox:0
[   48398ms] [ERROR] Failed to load resource: net::ERR_CONNECTION_CLOSED @ https://via.placeholder.com/200x80?text=Cozinca+Inox:0
[   48651ms] [ERROR] Failed to load resource: net::ERR_CONNECTION_CLOSED @ https://via.placeholder.com/200x80?text=Cozinca+Inox:0
[   48921ms] [ERROR] Failed to load resource: net::ERR_CONNECTION_CLOSED @ https://via.placeholder.com/200x80?text=Cozinca+Inox:0
[   49431ms] [ERROR] Failed to load resource: net::ERR_CONNECTION_CLOSED @ https://via.placeholder.com/200x80?text=Cozinca+Inox:0
[   49954ms] [ERROR] Failed to load resource: net::ERR_CONNECTION_CLOSED @ https://via.placeholder.com/200x80?text=Cozinca+Inox:0
[   50176ms] [ERROR] Failed to load resource: net::ERR_CONNECTION_CLOSED @ https://via.placeholder.com/200x80?text=Cozinca+Inox:0
[   50472ms] [ERROR] Failed to load resource: net::ERR_CONNECTION_CLOSED @ https://via.placeholder.com/200x80?text=Cozinca+Inox:0
[   50691ms] [ERROR] Failed to load resource: net::ERR_CONNECTION_CLOSED @ https://via.placeholder.com/200x80?text=Cozinca+Inox:0
[   50988ms] [ERROR] Failed to load resource: net::ERR_CONNECTION_CLOSED @ https://via.placeholder.com/200x80?text=Cozinca+Inox:0
[   51199ms] [ERROR] Failed to load resource: net::ERR_CONNECTION_CLOSED @ https://via.placeholder.com/200x80?text=Cozinca+Inox:0
[   51498ms] [ERROR] Failed to load resource: net::ERR_CONNECTION_CLOSED @ https://via.placeholder.com/200x80?text=Cozinca+Inox:0
[   51730ms] [ERROR] Failed to load resource: net::ERR_CONNECTION_CLOSED @ https://via.placeholder.com/200x80?text=Cozinca+Inox:0
[   52013ms] [ERROR] Failed to load resource: net::ERR_CONNECTION_CLOSED @ https://via.placeholder.com/200x80?text=Cozinca+Inox:0
[   52245ms] [ERROR] Failed to load resource: net::ERR_CONNECTION_CLOSED @ https://via.placeholder.com/200x80?text=Cozinca+Inox:0
[   52527ms] [ERROR] Failed to load resource: net::ERR_CONNECTION_CLOSED @ https://via.placeholder.com/200x80?text=Cozinca+Inox:0
[   52760ms] [ERROR] Failed to load resource: net::ERR_CONNECTION_CLOSED @ https://via.placeholder.com/200x80?text=Cozinca+Inox:0
[   53036ms] [ERROR] Failed to load resource: net::ERR_CONNECTION_CLOSED @ https://via.placeholder.com/200x80?text=Cozinca+Inox:0
[   53268ms] [ERROR] Failed to load resource: net::ERR_CONNECTION_CLOSED @ https://via.placeholder.com/200x80?text=Cozinca+Inox:0
[   53552ms] [ERROR] Failed to load resource: net::ERR_CONNECTION_CLOSED @ https://via.placeholder.com/200x80?text=Cozinca+Inox:0
[   53792ms] [ERROR] Failed to load resource: net::ERR_CONNECTION_CLOSED @ https://via.placeholder.com/200x80?text=Cozinca+Inox:0
[   54060ms] [ERROR] Failed to load resource: net::ERR_CONNECTION_CLOSED @ https://via.placeholder.com/200x80?text=Cozinca+Inox:0
[   54330ms] [ERROR] Failed to load resource: net::ERR_CONNECTION_CLOSED @ https://via.placeholder.com/200x80?text=Cozinca+Inox:0
[   54586ms] [ERROR] Failed to load resource: net::ERR_CONNECTION_CLOSED @ https://via.placeholder.com/200x80?text=Cozinca+Inox:0
[   54840ms] [ERROR] Failed to load resource: net::ERR_CONNECTION_CLOSED @ https://via.placeholder.com/200x80?text=Cozinca+Inox:0
[   55098ms] [ERROR] Failed to load resource: net::ERR_CONNECTION_CLOSED @ https://via.placeholder.com/200x80?text=Cozinca+Inox:0
[   55388ms] [ERROR] Failed to load resource: net::ERR_CONNECTION_CLOSED @ https://via.placeholder.com/200x80?text=Cozinca+Inox:0
[   55730ms] [ERROR] Failed to load resource: net::ERR_CONNECTION_CLOSED @ https://via.placeholder.com/200x80?text=Cozinca+Inox:0
[   55986ms] [ERROR] Failed to load resource: net::ERR_CONNECTION_CLOSED @ https://via.placeholder.com/200x80?text=Cozinca+Inox:0
[   56293ms] [ERROR] Failed to load resource: net::ERR_CONNECTION_CLOSED @ https://via.placeholder.com/200x80?text=Cozinca+Inox:0
[   56553ms] [ERROR] Failed to load resource: net::ERR_CONNECTION_CLOSED @ https://via.placeholder.com/200x80?text=Cozinca+Inox:0
[   56810ms] [ERROR] Failed to load resource: net::ERR_CONNECTION_CLOSED @ https://via.placeholder.com/200x80?text=Cozinca+Inox:0
[   57060ms] [ERROR] Failed to load resource: net::ERR_CONNECTION_CLOSED @ https://via.placeholder.com/200x80?text=Cozinca+Inox:0
[   57346ms] [ERROR] Failed to load resource: net::ERR_CONNECTION_CLOSED @ https://via.placeholder.com/200x80?text=Cozinca+Inox:0
[   57610ms] [ERROR] Failed to load resource: net::ERR_CONNECTION_CLOSED @ https://via.placeholder.com/200x80?text=Cozinca+Inox:0
[   57878ms] [ERROR] Failed to load resource: net::ERR_CONNECTION_CLOSED @ https://via.placeholder.com/200x80?text=Cozinca+Inox:0
[   58144ms] [ERROR] Failed to load resource: net::ERR_CONNECTION_CLOSED @ https://via.placeholder.com/200x80?text=Cozinca+Inox:0
[   58398ms] [ERROR] Failed to load resource: net::ERR_CONNECTION_CLOSED @ https://via.placeholder.com/200x80?text=Cozinca+Inox:0
[   58656ms] [ERROR] Failed to load resource: net::ERR_CONNECTION_CLOSED @ https://via.placeholder.com/200x80?text=Cozinca+Inox:0
[   58913ms] [ERROR] Failed to load resource: net::ERR_CONNECTION_CLOSED @ https://via.placeholder.com/200x80?text=Cozinca+Inox:0
[   59177ms] [ERROR] Failed to load resource: net::ERR_CONNECTION_CLOSED @ https://via.placeholder.com/200x80?text=Cozinca+Inox:0
[   59441ms] [ERROR] Failed to load resource: net::ERR_CONNECTION_CLOSED @ https://via.placeholder.com/200x80?text=Cozinca+Inox:0
[   59705ms] [ERROR] Failed to load resource: net::ERR_CONNECTION_CLOSED @ https://via.placeholder.com/200x80?text=Cozinca+Inox:0
[   59958ms] [ERROR] Failed to load resource: net::ERR_CONNECTION_CLOSED @ https://via.placeholder.com/200x80?text=Cozinca+Inox:0
[   60241ms] [ERROR] Failed to load resource: net::ERR_CONNECTION_CLOSED @ https://via.placeholder.com/200x80?text=Cozinca+Inox:0
[   60511ms] [ERROR] Failed to load resource: net::ERR_CONNECTION_CLOSED @ https://via.placeholder.com/200x80?text=Cozinca+Inox:0
[   60774ms] [ERROR] Failed to load resource: net::ERR_CONNECTION_CLOSED @ https://via.placeholder.com/200x80?text=Cozinca+Inox:0
[   61029ms] [ERROR] Failed to load resource: net::ERR_CONNECTION_CLOSED @ https://via.placeholder.com/200x80?text=Cozinca+Inox:0
[   61297ms] [ERROR] Failed to load resource: net::ERR_CONNECTION_CLOSED @ https://via.placeholder.com/200x80?text=Cozinca+Inox:0
[   61562ms] [ERROR] Failed to load resource: net::ERR_CONNECTION_CLOSED @ https://via.placeholder.com/200x80?text=Cozinca+Inox:0
[   61844ms] [ERROR] Failed to load resource: net::ERR_CONNECTION_CLOSED @ https://via.placeholder.com/200x80?text=Cozinca+Inox:0
[   62116ms] [ERROR] Failed to load resource: net::ERR_CONNECTION_CLOSED @ https://via.placeholder.com/200x80?text=Cozinca+Inox:0
[   62385ms] [ERROR] Failed to load resource: net::ERR_CONNECTION_CLOSED @ https://via.placeholder.com/200x80?text=Cozinca+Inox:0
[   62826ms] [ERROR] Failed to load resource: net::ERR_CONNECTION_CLOSED @ https://via.placeholder.com/200x80?text=Cozinca+Inox:0
[   63091ms] [ERROR] Failed to load resource: net::ERR_CONNECTION_CLOSED @ https://via.placeholder.com/200x80?text=Cozinca+Inox:0
[   63347ms] [ERROR] Failed to load resource: net::ERR_CONNECTION_CLOSED @ https://via.placeholder.com/200x80?text=Cozinca+Inox:0
[   63604ms] [ERROR] Failed to load resource: net::ERR_CONNECTION_CLOSED @ https://via.placeholder.com/200x80?text=Cozinca+Inox:0
[   63876ms] [ERROR] Failed to load resource: net::ERR_CONNECTION_CLOSED @ https://via.placeholder.com/200x80?text=Cozinca+Inox:0
[   64120ms] [ERROR] Failed to load resource: net::ERR_CONNECTION_CLOSED @ https://via.placeholder.com/200x80?text=Cozinca+Inox:0
[   64440ms] [ERROR] Failed to load resource: net::ERR_CONNECTION_CLOSED @ https://via.placeholder.com/200x80?text=Cozinca+Inox:0
[   64640ms] [ERROR] Failed to load resource: net::ERR_CONNECTION_CLOSED @ https://via.placeholder.com/200x80?text=Cozinca+Inox:0
[   64945ms] [ERROR] Failed to load resource: net::ERR_CONNECTION_CLOSED @ https://via.placeholder.com/200x80?text=Cozinca+Inox:0
[   65194ms] [ERROR] Failed to load resource: net::ERR_CONNECTION_CLOSED @ https://via.placeholder.com/200x80?text=Cozinca+Inox:0
[   65453ms] [ERROR] Failed to load resource: net::ERR_CONNECTION_CLOSED @ https://via.placeholder.com/200x80?text=Cozinca+Inox:0
[   65716ms] [ERROR] Failed to load resource: net::ERR_CONNECTION_CLOSED @ https://via.placeholder.com/200x80?text=Cozinca+Inox:0
[   65976ms] [ERROR] Failed to load resource: net::ERR_CONNECTION_CLOSED @ https://via.placeholder.com/200x80?text=Cozinca+Inox:0
[   66227ms] [ERROR] Failed to load resource: net::ERR_CONNECTION_CLOSED @ https://via.placeholder.com/200x80?text=Cozinca+Inox:0
[   66515ms] [ERROR] Failed to load resource: net::ERR_CONNECTION_CLOSED @ https://via.placeholder.com/200x80?text=Cozinca+Inox:0
[   66752ms] [ERROR] Failed to load resource: net::ERR_CONNECTION_CLOSED @ https://via.placeholder.com/200x80?text=Cozinca+Inox:0
[   67032ms] [ERROR] Failed to load resource: net::ERR_CONNECTION_CLOSED @ https://via.placeholder.com/200x80?text=Cozinca+Inox:0
[   67274ms] [ERROR] Failed to load resource: net::ERR_CONNECTION_CLOSED @ https://via.placeholder.com/200x80?text=Cozinca+Inox:0
[   67554ms] [ERROR] Failed to load resource: net::ERR_CONNECTION_CLOSED @ https://via.placeholder.com/200x80?text=Cozinca+Inox:0
[   67798ms] [ERROR] Failed to load resource: net::ERR_CONNECTION_CLOSED @ https://via.placeholder.com/200x80?text=Cozinca+Inox:0
[   68094ms] [ERROR] Failed to load resource: net::ERR_CONNECTION_CLOSED @ https://via.placeholder.com/200x80?text=Cozinca+Inox:0
[   68368ms] [ERROR] Failed to load resource: net::ERR_CONNECTION_CLOSED @ https://via.placeholder.com/200x80?text=Cozinca+Inox:0
[   68626ms] [ERROR] Failed to load resource: net::ERR_CONNECTION_CLOSED @ https://via.placeholder.com/200x80?text=Cozinca+Inox:0
[   68881ms] [ERROR] Failed to load resource: net::ERR_CONNECTION_CLOSED @ https://via.placeholder.com/200x80?text=Cozinca+Inox:0
[   69290ms] [ERROR] Failed to load resource: net::ERR_CONNECTION_CLOSED @ https://via.placeholder.com/200x80?text=Cozinca+Inox:0
[   69551ms] [ERROR] Failed to load resource: net::ERR_CONNECTION_CLOSED @ https://via.placeholder.com/200x80?text=Cozinca+Inox:0
[   69808ms] [ERROR] Failed to load resource: net::ERR_CONNECTION_CLOSED @ https://via.placeholder.com/200x80?text=Cozinca+Inox:0
[   70064ms] [ERROR] Failed to load resource: net::ERR_CONNECTION_CLOSED @ https://via.placeholder.com/200x80?text=Cozinca+Inox:0
[   70317ms] [ERROR] Failed to load resource: net::ERR_CONNECTION_CLOSED @ https://via.placeholder.com/200x80?text=Cozinca+Inox:0
[   70575ms] [ERROR] Failed to load resource: net::ERR_CONNECTION_CLOSED @ https://via.placeholder.com/200x80?text=Cozinca+Inox:0
[   70831ms] [ERROR] Failed to load resource: net::ERR_CONNECTION_CLOSED @ https://via.placeholder.com/200x80?text=Cozinca+Inox:0
[   71087ms] [ERROR] Failed to load resource: net::ERR_CONNECTION_CLOSED @ https://via.placeholder.com/200x80?text=Cozinca+Inox:0
[   71351ms] [ERROR] Failed to load resource: net::ERR_CONNECTION_CLOSED @ https://via.placeholder.com/200x80?text=Cozinca+Inox:0
[   71604ms] [ERROR] Failed to load resource: net::ERR_CONNECTION_CLOSED @ https://via.placeholder.com/200x80?text=Cozinca+Inox:0
[   71861ms] [ERROR] Failed to load resource: net::ERR_CONNECTION_CLOSED @ https://via.placeholder.com/200x80?text=Cozinca+Inox:0
[   72111ms] [ERROR] Failed to load resource: net::ERR_CONNECTION_CLOSED @ https://via.placeholder.com/200x80?text=Cozinca+Inox:0
[   72393ms] [ERROR] Failed to load resource: net::ERR_CONNECTION_CLOSED @ https://via.placeholder.com/200x80?text=Cozinca+Inox:0
[   72627ms] [ERROR] Failed to load resource: net::ERR_CONNECTION_CLOSED @ https://via.placeholder.com/200x80?text=Cozinca+Inox:0
[   72903ms] [ERROR] Failed to load resource: net::ERR_CONNECTION_CLOSED @ https://via.placeholder.com/200x80?text=Cozinca+Inox:0
[   73138ms] [ERROR] Failed to load resource: net::ERR_CONNECTION_CLOSED @ https://via.placeholder.com/200x80?text=Cozinca+Inox:0
[   73428ms] [ERROR] Failed to load resource: net::ERR_CONNECTION_CLOSED @ https://via.placeholder.com/200x80?text=Cozinca+Inox:0
[   73655ms] [ERROR] Failed to load resource: net::ERR_CONNECTION_CLOSED @ https://via.placeholder.com/200x80?text=Cozinca+Inox:0
[   73963ms] [ERROR] Failed to load resource: net::ERR_CONNECTION_CLOSED @ https://via.placeholder.com/200x80?text=Cozinca+Inox:0
[   74171ms] [ERROR] Failed to load resource: net::ERR_CONNECTION_CLOSED @ https://via.placeholder.com/200x80?text=Cozinca+Inox:0
[   74498ms] [ERROR] Failed to load resource: net::ERR_CONNECTION_CLOSED @ https://via.placeholder.com/200x80?text=Cozinca+Inox:0
[   74714ms] [ERROR] Failed to load resource: net::ERR_CONNECTION_CLOSED @ https://via.placeholder.com/200x80?text=Cozinca+Inox:0
[   75045ms] [ERROR] Failed to load resource: net::ERR_CONNECTION_CLOSED @ https://via.placeholder.com/200x80?text=Cozinca+Inox:0
[   75233ms] [ERROR] Failed to load resource: net::ERR_CONNECTION_CLOSED @ https://via.placeholder.com/200x80?text=Cozinca+Inox:0
[   75590ms] [ERROR] Failed to load resource: net::ERR_CONNECTION_CLOSED @ https://via.placeholder.com/200x80?text=Cozinca+Inox:0
[   75739ms] [ERROR] Failed to load resource: net::ERR_CONNECTION_CLOSED @ https://via.placeholder.com/200x80?text=Cozinca+Inox:0
[   76106ms] [ERROR] Failed to load resource: net::ERR_CONNECTION_CLOSED @ https://via.placeholder.com/200x80?text=Cozinca+Inox:0
[   76264ms] [ERROR] Failed to load resource: net::ERR_CONNECTION_CLOSED @ https://via.placeholder.com/200x80?text=Cozinca+Inox:0
[   76630ms] [ERROR] Failed to load resource: net::ERR_CONNECTION_CLOSED @ https://via.placeholder.com/200x80?text=Cozinca+Inox:0
[   76772ms] [ERROR] Failed to load resource: net::ERR_CONNECTION_CLOSED @ https://via.placeholder.com/200x80?text=Cozinca+Inox:0
[   77165ms] [ERROR] Failed to load resource: net::ERR_CONNECTION_CLOSED @ https://via.placeholder.com/200x80?text=Cozinca+Inox:0
[   77311ms] [ERROR] Failed to load resource: net::ERR_CONNECTION_CLOSED @ https://via.placeholder.com/200x80?text=Cozinca+Inox:0
[   77673ms] [ERROR] Failed to load resource: net::ERR_CONNECTION_CLOSED @ https://via.placeholder.com/200x80?text=Cozinca+Inox:0
[   77824ms] [ERROR] Failed to load resource: net::ERR_CONNECTION_CLOSED @ https://via.placeholder.com/200x80?text=Cozinca+Inox:0
[   78207ms] [ERROR] Failed to load resource: net::ERR_CONNECTION_CLOSED @ https://via.placeholder.com/200x80?text=Cozinca+Inox:0
[   78343ms] [ERROR] Failed to load resource: net::ERR_CONNECTION_CLOSED @ https://via.placeholder.com/200x80?text=Cozinca+Inox:0
[   78729ms] [ERROR] Failed to load resource: net::ERR_CONNECTION_CLOSED @ https://via.placeholder.com/200x80?text=Cozinca+Inox:0
[   78857ms] [ERROR] Failed to load resource: net::ERR_CONNECTION_CLOSED @ https://via.placeholder.com/200x80?text=Cozinca+Inox:0
[   79249ms] [ERROR] Failed to load resource: net::ERR_CONNECTION_CLOSED @ https://via.placeholder.com/200x80?text=Cozinca+Inox:0
[   79379ms] [ERROR] Failed to load resource: net::ERR_CONNECTION_CLOSED @ https://via.placeholder.com/200x80?text=Cozinca+Inox:0
[   79779ms] [ERROR] Failed to load resource: net::ERR_CONNECTION_CLOSED @ https://via.placeholder.com/200x80?text=Cozinca+Inox:0
[   79911ms] [ERROR] Failed to load resource: net::ERR_CONNECTION_CLOSED @ https://via.placeholder.com/200x80?text=Cozinca+Inox:0
[   80300ms] [ERROR] Failed to load resource: net::ERR_CONNECTION_CLOSED @ https://via.placeholder.com/200x80?text=Cozinca+Inox:0
[   80431ms] [ERROR] Failed to load resource: net::ERR_CONNECTION_CLOSED @ https://via.placeholder.com/200x80?text=Cozinca+Inox:0
[   80811ms] [ERROR] Failed to load resource: net::ERR_CONNECTION_CLOSED @ https://via.placeholder.com/200x80?text=Cozinca+Inox:0
[   80981ms] [ERROR] Failed to load resource: net::ERR_CONNECTION_CLOSED @ https://via.placeholder.com/200x80?text=Cozinca+Inox:0
[   81362ms] [ERROR] Failed to load resource: net::ERR_CONNECTION_CLOSED @ https://via.placeholder.com/200x80?text=Cozinca+Inox:0
[   81494ms] [ERROR] Failed to load resource: net::ERR_CONNECTION_CLOSED @ https://via.placeholder.com/200x80?text=Cozinca+Inox:0
[   81871ms] [ERROR] Failed to load resource: net::ERR_CONNECTION_CLOSED @ https://via.placeholder.com/200x80?text=Cozinca+Inox:0
[   81999ms] [ERROR] Failed to load resource: net::ERR_CONNECTION_CLOSED @ https://via.placeholder.com/200x80?text=Cozinca+Inox:0
[   82379ms] [ERROR] Failed to load resource: net::ERR_CONNECTION_CLOSED @ https://via.placeholder.com/200x80?text=Cozinca+Inox:0
[   82510ms] [ERROR] Failed to load resource: net::ERR_CONNECTION_CLOSED @ https://via.placeholder.com/200x80?text=Cozinca+Inox:0
[   82891ms] [ERROR] Failed to load resource: net::ERR_CONNECTION_CLOSED @ https://via.placeholder.com/200x80?text=Cozinca+Inox:0
[   83022ms] [ERROR] Failed to load resource: net::ERR_CONNECTION_CLOSED @ https://via.placeholder.com/200x80?text=Cozinca+Inox:0
[   83397ms] [ERROR] Failed to load resource: net::ERR_CONNECTION_CLOSED @ https://via.placeholder.com/200x80?text=Cozinca+Inox:0
[   83526ms] [ERROR] Failed to load resource: net::ERR_CONNECTION_CLOSED @ https://via.placeholder.com/200x80?text=Cozinca+Inox:0
[   83914ms] [ERROR] Failed to load resource: net::ERR_CONNECTION_CLOSED @ https://via.placeholder.com/200x80?text=Cozinca+Inox:0
[   84043ms] [ERROR] Failed to load resource: net::ERR_CONNECTION_CLOSED @ https://via.placeholder.com/200x80?text=Cozinca+Inox:0
[   84426ms] [ERROR] Failed to load resource: net::ERR_CONNECTION_CLOSED @ https://via.placeholder.com/200x80?text=Cozinca+Inox:0
[   84556ms] [ERROR] Failed to load resource: net::ERR_CONNECTION_CLOSED @ https://via.placeholder.com/200x80?text=Cozinca+Inox:0
[   84953ms] [ERROR] Failed to load resource: net::ERR_CONNECTION_CLOSED @ https://via.placeholder.com/200x80?text=Cozinca+Inox:0
[   85104ms] [ERROR] Failed to load resource: net::ERR_CONNECTION_CLOSED @ https://via.placeholder.com/200x80?text=Cozinca+Inox:0
[   85530ms] [ERROR] Failed to load resource: net::ERR_CONNECTION_CLOSED @ https://via.placeholder.com/200x80?text=Cozinca+Inox:0
[   85659ms] [ERROR] Failed to load resource: net::ERR_CONNECTION_CLOSED @ https://via.placeholder.com/200x80?text=Cozinca+Inox:0
[   86039ms] [ERROR] Failed to load resource: net::ERR_CONNECTION_CLOSED @ https://via.placeholder.com/200x80?text=Cozinca+Inox:0
[   86166ms] [ERROR] Failed to load resource: net::ERR_CONNECTION_CLOSED @ https://via.placeholder.com/200x80?text=Cozinca+Inox:0
[   86547ms] [ERROR] Failed to load resource: net::ERR_CONNECTION_CLOSED @ https://via.placeholder.com/200x80?text=Cozinca+Inox:0
[   86679ms] [ERROR] Failed to load resource: net::ERR_CONNECTION_CLOSED @ https://via.placeholder.com/200x80?text=Cozinca+Inox:0
[   87063ms] [ERROR] Failed to load resource: net::ERR_CONNECTION_CLOSED @ https://via.placeholder.com/200x80?text=Cozinca+Inox:0
[   87198ms] [ERROR] Failed to load resource: net::ERR_CONNECTION_CLOSED @ https://via.placeholder.com/200x80?text=Cozinca+Inox:0
[   87575ms] [ERROR] Failed to load resource: net::ERR_CONNECTION_CLOSED @ https://via.placeholder.com/200x80?text=Cozinca+Inox:0
[   87712ms] [ERROR] Failed to load resource: net::ERR_CONNECTION_CLOSED @ https://via.placeholder.com/200x80?text=Cozinca+Inox:0
[   88094ms] [ERROR] Failed to load resource: net::ERR_CONNECTION_CLOSED @ https://via.placeholder.com/200x80?text=Cozinca+Inox:0
[   88229ms] [ERROR] Failed to load resource: net::ERR_CONNECTION_CLOSED @ https://via.placeholder.com/200x80?text=Cozinca+Inox:0
[   88625ms] [ERROR] Failed to load resource: net::ERR_CONNECTION_CLOSED @ https://via.placeholder.com/200x80?text=Cozinca+Inox:0
[   88753ms] [ERROR] Failed to load resource: net::ERR_CONNECTION_CLOSED @ https://via.placeholder.com/200x80?text=Cozinca+Inox:0
[   89137ms] [ERROR] Failed to load resource: net::ERR_CONNECTION_CLOSED @ https://via.placeholder.com/200x80?text=Cozinca+Inox:0
[   89267ms] [ERROR] Failed to load resource: net::ERR_CONNECTION_CLOSED @ https://via.placeholder.com/200x80?text=Cozinca+Inox:0
[   89655ms] [ERROR] Failed to load resource: net::ERR_CONNECTION_CLOSED @ https://via.placeholder.com/200x80?text=Cozinca+Inox:0
[   89795ms] [ERROR] Failed to load resource: net::ERR_CONNECTION_CLOSED @ https://via.placeholder.com/200x80?text=Cozinca+Inox:0
[   90240ms] [ERROR] Failed to load resource: net::ERR_CONNECTION_CLOSED @ https://via.placeholder.com/200x80?text=Cozinca+Inox:0
[   90370ms] [ERROR] Failed to load resource: net::ERR_CONNECTION_CLOSED @ https://via.placeholder.com/200x80?text=Cozinca+Inox:0
[   90751ms] [ERROR] Failed to load resource: net::ERR_CONNECTION_CLOSED @ https://via.placeholder.com/200x80?text=Cozinca+Inox:0
[   90887ms] [ERROR] Failed to load resource: net::ERR_CONNECTION_CLOSED @ https://via.placeholder.com/200x80?text=Cozinca+Inox:0
[   91270ms] [ERROR] Failed to load resource: net::ERR_CONNECTION_CLOSED @ https://via.placeholder.com/200x80?text=Cozinca+Inox:0
[   91411ms] [ERROR] Failed to load resource: net::ERR_CONNECTION_CLOSED @ https://via.placeholder.com/200x80?text=Cozinca+Inox:0
[   91794ms] [ERROR] Failed to load resource: net::ERR_CONNECTION_CLOSED @ https://via.placeholder.com/200x80?text=Cozinca+Inox:0
[   91936ms] [ERROR] Failed to load resource: net::ERR_CONNECTION_CLOSED @ https://via.placeholder.com/200x80?text=Cozinca+Inox:0
[   92311ms] [ERROR] Failed to load resource: net::ERR_CONNECTION_CLOSED @ https://via.placeholder.com/200x80?text=Cozinca+Inox:0
[   92444ms] [ERROR] Failed to load resource: net::ERR_CONNECTION_CLOSED @ https://via.placeholder.com/200x80?text=Cozinca+Inox:0
[   92827ms] [ERROR] Failed to load resource: net::ERR_CONNECTION_CLOSED @ https://via.placeholder.com/200x80?text=Cozinca+Inox:0
[   92998ms] [ERROR] Failed to load resource: net::ERR_CONNECTION_CLOSED @ https://via.placeholder.com/200x80?text=Cozinca+Inox:0
[   93348ms] [ERROR] Failed to load resource: net::ERR_CONNECTION_CLOSED @ https://via.placeholder.com/200x80?text=Cozinca+Inox:0
[   93515ms] [ERROR] Failed to load resource: net::ERR_CONNECTION_CLOSED @ https://via.placeholder.com/200x80?text=Cozinca+Inox:0
[   93872ms] [ERROR] Failed to load resource: net::ERR_CONNECTION_CLOSED @ https://via.placeholder.com/200x80?text=Cozinca+Inox:0
[   94030ms] [ERROR] Failed to load resource: net::ERR_CONNECTION_CLOSED @ https://via.placeholder.com/200x80?text=Cozinca+Inox:0
[   94398ms] [ERROR] Failed to load resource: net::ERR_CONNECTION_CLOSED @ https://via.placeholder.com/200x80?text=Cozinca+Inox:0
[   94546ms] [ERROR] Failed to load resource: net::ERR_CONNECTION_CLOSED @ https://via.placeholder.com/200x80?text=Cozinca+Inox:0
